Covid-19/app/build/intermediates/manifest_merge_blame_file/debug/manifest-merger-blame-debug-report.txt
1<?xml version="1.0" encoding="utf-8"?>
2<manifest xmlns:android="http://schemas.android.com/apk/res/android"
3    package="com.shabaj.covid_19"
4    android:versionCode="1"
5    android:versionName="1.1" >
6
7    <uses-sdk
8        android:minSdkVersion="22"
8-->src/main/AndroidManifest.xml
9        android:targetSdkVersion="30" />
9-->src/main/AndroidManifest.xml
10
11    <uses-permission android:name="android.permission.INTERNET" />
11-->src/main/AndroidManifest.xml:6:5-67
11-->src/main/AndroidManifest.xml:6:22-64
12
13    <application
13-->src/main/AndroidManifest.xml:8:5-45:19
14        android:allowBackup="true"
14-->src/main/AndroidManifest.xml:9:9-35
15        android:appComponentFactory="androidx.core.app.CoreComponentFactory"
15-->[androidx.core:core:1.5.0] AndroidManifest.xml:24:18-86
16        android:debuggable="true"
17        android:icon="@mipmap/ic_launcher"
17-->src/main/AndroidManifest.xml:10:9-43
18        android:label="@string/app_name"
18-->src/main/AndroidManifest.xml:11:9-41
19        android:roundIcon="@mipmap/ic_launcher_round"
19-->src/main/AndroidManifest.xml:12:9-54
20        android:supportsRtl="true"
20-->src/main/AndroidManifest.xml:13:9-35
21        android:theme="@style/AppTheme" >
21-->src/main/AndroidManifest.xml:14:9-40
22        <activity
22-->src/main/AndroidManifest.xml:16:9-18:40
23            android:name="com.shabaj.covid_19.AboutActivity"
23-->src/main/AndroidManifest.xml:17:13-42
24            android:exported="false" />
24-->src/main/AndroidManifest.xml:18:13-37
25        <activity
25-->src/main/AndroidManifest.xml:19:9-21:52
26            android:name="com.shabaj.covid_19.newsScreen.NewsActivity"
26-->src/main/AndroidManifest.xml:20:13-52
27            android:screenOrientation="portrait" />
27-->src/main/AndroidManifest.xml:21:13-49
28        <activity
28-->src/main/AndroidManifest.xml:22:9-24:52
29            android:name="com.shabaj.covid_19.preventionScreen.PreventionActivity"
29-->src/main/AndroidManifest.xml:23:13-64
30            android:screenOrientation="portrait" />
30-->src/main/AndroidManifest.xml:24:13-49
31        <activity
31-->src/main/AndroidManifest.xml:25:9-27:52
32            android:name="com.shabaj.covid_19.symptomsScreen.SymptomsActivity"
32-->src/main/AndroidManifest.xml:26:13-60
33            android:screenOrientation="portrait" />
33-->src/main/AndroidManifest.xml:27:13-49
34        <activity
34-->src/main/AndroidManifest.xml:28:9-30:52
35            android:name="com.shabaj.covid_19.reportScreen.ReportActivity"
35-->src/main/AndroidManifest.xml:29:13-56
36            android:screenOrientation="portrait" />
36-->src/main/AndroidManifest.xml:30:13-49
37        <activity
37-->src/main/AndroidManifest.xml:31:9-40:20
38            android:name="com.shabaj.covid_19.homeScreen.HomeScreenActivity"
38-->src/main/AndroidManifest.xml:32:13-58
39            android:screenOrientation="portrait"
39-->src/main/AndroidManifest.xml:33:13-49
40            android:theme="@style/SplashTheme" >
40-->src/main/AndroidManifest.xml:34:13-47
41            <intent-filter>
41-->src/main/AndroidManifest.xml:35:13-39:29
42                <action android:name="android.intent.action.MAIN" />
42-->src/main/AndroidManifest.xml:36:17-69
42-->src/main/AndroidManifest.xml:36:25-66
43
44                <category android:name="android.intent.category.LAUNCHER" />
44-->src/main/AndroidManifest.xml:38:17-77
44-->src/main/AndroidManifest.xml:38:27-74
45            </intent-filter>
46        </activity>
47        <activity
47-->src/main/AndroidManifest.xml:41:9-44:68
48            android:name="com.shabaj.covid_19.countryList.CountryListActivity"
48-->src/main/AndroidManifest.xml:42:13-60
49            android:screenOrientation="portrait"
49-->src/main/AndroidManifest.xml:43:13-49
50            android:windowSoftInputMode="adjustNothing" />
50-->src/main/AndroidManifest.xml:44:13-56
51
52        <provider
52-->[androidx.lifecycle:lifecycle-process:2.2.0] AndroidManifest.xml:25:9-29:43
53            android:name="androidx.lifecycle.ProcessLifecycleOwnerInitializer"
53-->[androidx.lifecycle:lifecycle-process:2.2.0] AndroidManifest.xml:26:13-79
54            android:authorities="com.shabaj.covid_19.lifecycle-process"
54-->[androidx.lifecycle:lifecycle-process:2.2.0] AndroidManifest.xml:27:13-69
55            android:exported="false"
55-->[androidx.lifecycle:lifecycle-process:2.2.0] AndroidManifest.xml:28:13-37
56            android:multiprocess="true" />
56-->[androidx.lifecycle:lifecycle-process:2.2.0] AndroidManifest.xml:29:13-40
57    </application>
58
59</manifest>